<?xml version="1.0" encoding="UTF-8"?>
<!-- Generated by org.testng.reporters.JUnitReportReporter -->
<testsuite skipped="0" hostname="Rajesh-kumar4" name="com.world.aeromexico.Vacations" tests="1" failures="0" timestamp="12 Feb 2018 06:28:46 GMT" time="0.042" errors="0">
  <testcase name="Vacation" time="0.042" classname="com.world.aeromexico.Vacations"/>
</testsuite> <!-- com.world.aeromexico.Vacations -->
